2024-09-23 00:00:01 [DEBUG] com.zaxxer.hikari.pool.HikariPool - HikariPool-1 - Pool stats (total=10, active=0, idle=10, waiting=0)
2024-09-23 00:00:01 [DEBUG] com.zaxxer.hikari.pool.HikariPool - HikariPool-1 - Fill pool skipped, pool has sufficient level or currently being filled (queueDepth=0).
2024-09-23 00:00:31 [DEBUG] com.zaxxer.hikari.pool.HikariPool - HikariPool-1 - Pool stats (total=10, active=0, idle=10, waiting=0)
2024-09-23 00:00:31 [DEBUG] com.zaxxer.hikari.pool.HikariPool - HikariPool-1 - Fill pool skipped, pool has sufficient level or currently being filled (queueDepth=0).
2024-09-23 00:01:01 [DEBUG] com.zaxxer.hikari.pool.HikariPool - HikariPool-1 - Pool stats (total=10, active=0, idle=10, waiting=0)
2024-09-23 00:01:01 [DEBUG] com.zaxxer.hikari.pool.HikariPool - HikariPool-1 - Fill pool skipped, pool has sufficient level or currently being filled (queueDepth=0).
2024-09-23 00:01:31 [DEBUG] com.zaxxer.hikari.pool.HikariPool - HikariPool-1 - Pool stats (total=10, active=0, idle=10, waiting=0)
2024-09-23 00:01:31 [DEBUG] com.zaxxer.hikari.pool.HikariPool - HikariPool-1 - Fill pool skipped, pool has sufficient level or currently being filled (queueDepth=0).
2024-09-23 00:02:01 [DEBUG] com.zaxxer.hikari.pool.HikariPool - HikariPool-1 - Pool stats (total=10, active=0, idle=10, waiting=0)
2024-09-23 00:02:01 [DEBUG] com.zaxxer.hikari.pool.HikariPool - HikariPool-1 - Fill pool skipped, pool has sufficient level or currently being filled (queueDepth=0).
2024-09-23 00:02:31 [DEBUG] com.zaxxer.hikari.pool.HikariPool - HikariPool-1 - Pool stats (total=10, active=0, idle=10, waiting=0)
2024-09-23 00:02:31 [DEBUG] com.zaxxer.hikari.pool.HikariPool - HikariPool-1 - Fill pool skipped, pool has sufficient level or currently being filled (queueDepth=0).
2024-09-23 00:02:59 [DEBUG] org.mybatis.spring.SqlSessionUtils - Creating a new SqlSession
2024-09-23 00:02:59 [DEBUG] org.mybatis.spring.SqlSessionUtils - SqlSession [org.apache.ibatis.session.defaults.DefaultSqlSession@79c16e01] was not registered for synchronization because synchronization is not active
2024-09-23 00:02:59 [DEBUG] o.s.jdbc.datasource.DataSourceUtils - Fetching JDBC Connection from DataSource
2024-09-23 00:02:59 [DEBUG] o.m.s.t.SpringManagedTransaction - JDBC Connection [HikariProxyConnection@1882403875 wrapping net.sf.log4jdbc.sql.jdbcapi.ConnectionSpy@55acf6db] will not be managed by Spring
2024-09-23 00:02:59 [DEBUG] c.e.d.r.M.getMemberById - ==>  Preparing: SELECT * FROM `member` WHERE id = ?
2024-09-23 00:02:59 [DEBUG] c.e.d.r.M.getMemberById - ==> Parameters: 2(Integer)
2024-09-23 00:02:59 [DEBUG] jdbc.sqltiming -  com.zaxxer.hikari.pool.ProxyPreparedStatement.execute(ProxyPreparedStatement.java:44)
1. SELECT * FROM `member` WHERE id = 2
 {executed in 0 msec}
2024-09-23 00:02:59 [INFO ] jdbc.resultsettable - 
|---|--------------------|--------------------|--------|----------|----------|-----|---------|--------------|------------------|----------|--------|
|id |regdate             |updatedate          |loginid |loginpw   |authlevel |name |nickname |cellphonenum  |email             |delstatus |deldate |
|---|--------------------|--------------------|--------|----------|----------|-----|---------|--------------|------------------|----------|--------|
|2  |2023-01-01 12:00:00 |2023-01-01 12:00:00 |user123 |password1 |3         |김민준  |민준       |010-1234-5678 |user1@example.com |false     |null    |
|---|--------------------|--------------------|--------|----------|----------|-----|---------|--------------|------------------|----------|--------|

2024-09-23 00:02:59 [DEBUG] c.e.d.r.M.getMemberById - <==      Total: 1
2024-09-23 00:02:59 [DEBUG] org.mybatis.spring.SqlSessionUtils - Closing non transactional SqlSession [org.apache.ibatis.session.defaults.DefaultSqlSession@79c16e01]
2024-09-23 00:03:01 [DEBUG] com.zaxxer.hikari.pool.HikariPool - HikariPool-1 - Pool stats (total=10, active=0, idle=10, waiting=0)
2024-09-23 00:03:01 [DEBUG] com.zaxxer.hikari.pool.HikariPool - HikariPool-1 - Fill pool skipped, pool has sufficient level or currently being filled (queueDepth=0).
2024-09-23 00:03:31 [DEBUG] com.zaxxer.hikari.pool.HikariPool - HikariPool-1 - Pool stats (total=10, active=0, idle=10, waiting=0)
2024-09-23 00:03:31 [DEBUG] com.zaxxer.hikari.pool.HikariPool - HikariPool-1 - Fill pool skipped, pool has sufficient level or currently being filled (queueDepth=0).
2024-09-23 00:04:01 [DEBUG] com.zaxxer.hikari.pool.HikariPool - HikariPool-1 - Pool stats (total=10, active=0, idle=10, waiting=0)
2024-09-23 00:04:01 [DEBUG] com.zaxxer.hikari.pool.HikariPool - HikariPool-1 - Fill pool skipped, pool has sufficient level or currently being filled (queueDepth=0).
2024-09-23 00:04:31 [DEBUG] com.zaxxer.hikari.pool.HikariPool - HikariPool-1 - Pool stats (total=10, active=0, idle=10, waiting=0)
2024-09-23 00:04:31 [DEBUG] com.zaxxer.hikari.pool.HikariPool - HikariPool-1 - Fill pool skipped, pool has sufficient level or currently being filled (queueDepth=0).
2024-09-23 00:05:01 [DEBUG] com.zaxxer.hikari.pool.HikariPool - HikariPool-1 - Pool stats (total=10, active=0, idle=10, waiting=0)
2024-09-23 00:05:01 [DEBUG] com.zaxxer.hikari.pool.HikariPool - HikariPool-1 - Fill pool skipped, pool has sufficient level or currently being filled (queueDepth=0).
2024-09-23 00:05:31 [DEBUG] com.zaxxer.hikari.pool.HikariPool - HikariPool-1 - Pool stats (total=10, active=0, idle=10, waiting=0)
2024-09-23 00:05:31 [DEBUG] com.zaxxer.hikari.pool.HikariPool - HikariPool-1 - Fill pool skipped, pool has sufficient level or currently being filled (queueDepth=0).
2024-09-23 00:06:01 [DEBUG] com.zaxxer.hikari.pool.HikariPool - HikariPool-1 - Pool stats (total=10, active=0, idle=10, waiting=0)
2024-09-23 00:06:01 [DEBUG] com.zaxxer.hikari.pool.HikariPool - HikariPool-1 - Fill pool skipped, pool has sufficient level or currently being filled (queueDepth=0).
2024-09-23 00:06:31 [DEBUG] com.zaxxer.hikari.pool.HikariPool - HikariPool-1 - Pool stats (total=10, active=0, idle=10, waiting=0)
2024-09-23 00:06:31 [DEBUG] com.zaxxer.hikari.pool.HikariPool - HikariPool-1 - Fill pool skipped, pool has sufficient level or currently being filled (queueDepth=0).
2024-09-23 00:07:01 [DEBUG] com.zaxxer.hikari.pool.HikariPool - HikariPool-1 - Pool stats (total=10, active=0, idle=10, waiting=0)
2024-09-23 00:07:01 [DEBUG] com.zaxxer.hikari.pool.HikariPool - HikariPool-1 - Fill pool skipped, pool has sufficient level or currently being filled (queueDepth=0).
2024-09-23 00:07:31 [DEBUG] com.zaxxer.hikari.pool.HikariPool - HikariPool-1 - Pool stats (total=10, active=0, idle=10, waiting=0)
2024-09-23 00:07:31 [DEBUG] com.zaxxer.hikari.pool.HikariPool - HikariPool-1 - Fill pool skipped, pool has sufficient level or currently being filled (queueDepth=0).
2024-09-23 00:08:01 [DEBUG] com.zaxxer.hikari.pool.HikariPool - HikariPool-1 - Pool stats (total=10, active=0, idle=10, waiting=0)
2024-09-23 00:08:01 [DEBUG] com.zaxxer.hikari.pool.HikariPool - HikariPool-1 - Fill pool skipped, pool has sufficient level or currently being filled (queueDepth=0).
2024-09-23 00:08:31 [DEBUG] com.zaxxer.hikari.pool.HikariPool - HikariPool-1 - Pool stats (total=10, active=0, idle=10, waiting=0)
2024-09-23 00:08:31 [DEBUG] com.zaxxer.hikari.pool.HikariPool - HikariPool-1 - Fill pool skipped, pool has sufficient level or currently being filled (queueDepth=0).
2024-09-23 00:09:01 [DEBUG] com.zaxxer.hikari.pool.HikariPool - HikariPool-1 - Pool stats (total=10, active=0, idle=10, waiting=0)
2024-09-23 00:09:01 [DEBUG] com.zaxxer.hikari.pool.HikariPool - HikariPool-1 - Fill pool skipped, pool has sufficient level or currently being filled (queueDepth=0).
2024-09-23 00:09:31 [DEBUG] com.zaxxer.hikari.pool.HikariPool - HikariPool-1 - Pool stats (total=10, active=0, idle=10, waiting=0)
2024-09-23 00:09:31 [DEBUG] com.zaxxer.hikari.pool.HikariPool - HikariPool-1 - Fill pool skipped, pool has sufficient level or currently being filled (queueDepth=0).
2024-09-23 00:10:01 [DEBUG] com.zaxxer.hikari.pool.HikariPool - HikariPool-1 - Pool stats (total=10, active=0, idle=10, waiting=0)
2024-09-23 00:10:01 [DEBUG] com.zaxxer.hikari.pool.HikariPool - HikariPool-1 - Fill pool skipped, pool has sufficient level or currently being filled (queueDepth=0).
2024-09-23 00:10:31 [DEBUG] com.zaxxer.hikari.pool.HikariPool - HikariPool-1 - Pool stats (total=10, active=0, idle=10, waiting=0)
2024-09-23 00:10:31 [DEBUG] com.zaxxer.hikari.pool.HikariPool - HikariPool-1 - Fill pool skipped, pool has sufficient level or currently being filled (queueDepth=0).
2024-09-23 00:11:01 [DEBUG] com.zaxxer.hikari.pool.HikariPool - HikariPool-1 - Pool stats (total=10, active=0, idle=10, waiting=0)
2024-09-23 00:11:01 [DEBUG] com.zaxxer.hikari.pool.HikariPool - HikariPool-1 - Fill pool skipped, pool has sufficient level or currently being filled (queueDepth=0).
2024-09-23 00:11:31 [DEBUG] com.zaxxer.hikari.pool.HikariPool - HikariPool-1 - Pool stats (total=10, active=0, idle=10, waiting=0)
2024-09-23 00:11:31 [DEBUG] com.zaxxer.hikari.pool.HikariPool - HikariPool-1 - Fill pool skipped, pool has sufficient level or currently being filled (queueDepth=0).
2024-09-23 00:12:01 [DEBUG] com.zaxxer.hikari.pool.HikariPool - HikariPool-1 - Pool stats (total=10, active=0, idle=10, waiting=0)
2024-09-23 00:12:01 [DEBUG] com.zaxxer.hikari.pool.HikariPool - HikariPool-1 - Fill pool skipped, pool has sufficient level or currently being filled (queueDepth=0).
2024-09-23 00:12:31 [DEBUG] com.zaxxer.hikari.pool.HikariPool - HikariPool-1 - Pool stats (total=10, active=0, idle=10, waiting=0)
2024-09-23 00:12:31 [DEBUG] com.zaxxer.hikari.pool.HikariPool - HikariPool-1 - Fill pool skipped, pool has sufficient level or currently being filled (queueDepth=0).
2024-09-23 00:12:48 [DEBUG] com.zaxxer.hikari.pool.PoolBase - HikariPool-1 - Closing connection net.sf.log4jdbc.sql.jdbcapi.ConnectionSpy@3b3ea09: (connection has passed maxLifetime)
2024-09-23 00:12:48 [DEBUG] com.zaxxer.hikari.pool.HikariPool - HikariPool-1 - Added connection net.sf.log4jdbc.sql.jdbcapi.ConnectionSpy@46adbfa9
2024-09-23 00:12:53 [DEBUG] com.zaxxer.hikari.pool.PoolBase - HikariPool-1 - Closing connection net.sf.log4jdbc.sql.jdbcapi.ConnectionSpy@36661431: (connection has passed maxLifetime)
2024-09-23 00:12:53 [DEBUG] com.zaxxer.hikari.pool.HikariPool - HikariPool-1 - Added connection net.sf.log4jdbc.sql.jdbcapi.ConnectionSpy@61181f0c
2024-09-23 00:13:00 [DEBUG] com.zaxxer.hikari.pool.PoolBase - HikariPool-1 - Closing connection net.sf.log4jdbc.sql.jdbcapi.ConnectionSpy@55acf6db: (connection has passed maxLifetime)
2024-09-23 00:13:00 [DEBUG] com.zaxxer.hikari.pool.HikariPool - HikariPool-1 - Added connection net.sf.log4jdbc.sql.jdbcapi.ConnectionSpy@3268fd3d
2024-09-23 00:13:01 [DEBUG] com.zaxxer.hikari.pool.PoolBase - HikariPool-1 - Closing connection net.sf.log4jdbc.sql.jdbcapi.ConnectionSpy@1ba429f2: (connection has passed maxLifetime)
2024-09-23 00:13:01 [DEBUG] com.zaxxer.hikari.pool.HikariPool - HikariPool-1 - Added connection net.sf.log4jdbc.sql.jdbcapi.ConnectionSpy@7355f706
2024-09-23 00:13:01 [DEBUG] com.zaxxer.hikari.pool.HikariPool - HikariPool-1 - Pool stats (total=10, active=0, idle=10, waiting=0)
2024-09-23 00:13:01 [DEBUG] com.zaxxer.hikari.pool.HikariPool - HikariPool-1 - Fill pool skipped, pool has sufficient level or currently being filled (queueDepth=0).
2024-09-23 00:13:06 [DEBUG] com.zaxxer.hikari.pool.PoolBase - HikariPool-1 - Closing connection net.sf.log4jdbc.sql.jdbcapi.ConnectionSpy@46e6cd48: (connection has passed maxLifetime)
2024-09-23 00:13:06 [DEBUG] com.zaxxer.hikari.pool.HikariPool - HikariPool-1 - Added connection net.sf.log4jdbc.sql.jdbcapi.ConnectionSpy@1af76d3d
2024-09-23 00:13:07 [DEBUG] com.zaxxer.hikari.pool.PoolBase - HikariPool-1 - Closing connection net.sf.log4jdbc.sql.jdbcapi.ConnectionSpy@1774e145: (connection has passed maxLifetime)
2024-09-23 00:13:07 [DEBUG] com.zaxxer.hikari.pool.HikariPool - HikariPool-1 - Added connection net.sf.log4jdbc.sql.jdbcapi.ConnectionSpy@5bca6706
2024-09-23 00:13:08 [DEBUG] com.zaxxer.hikari.pool.PoolBase - HikariPool-1 - Closing connection net.sf.log4jdbc.sql.jdbcapi.ConnectionSpy@766d1a93: (connection has passed maxLifetime)
2024-09-23 00:13:08 [DEBUG] com.zaxxer.hikari.pool.HikariPool - HikariPool-1 - Added connection net.sf.log4jdbc.sql.jdbcapi.ConnectionSpy@6adb99a9
2024-09-23 00:13:17 [DEBUG] com.zaxxer.hikari.pool.PoolBase - HikariPool-1 - Closing connection net.sf.log4jdbc.sql.jdbcapi.ConnectionSpy@4627889f: (connection has passed maxLifetime)
2024-09-23 00:13:17 [DEBUG] com.zaxxer.hikari.pool.HikariPool - HikariPool-1 - Added connection net.sf.log4jdbc.sql.jdbcapi.ConnectionSpy@1ba9c614
2024-09-23 00:13:17 [DEBUG] com.zaxxer.hikari.pool.PoolBase - HikariPool-1 - Closing connection net.sf.log4jdbc.sql.jdbcapi.ConnectionSpy@133a9a90: (connection has passed maxLifetime)
2024-09-23 00:13:17 [DEBUG] com.zaxxer.hikari.pool.HikariPool - HikariPool-1 - Added connection net.sf.log4jdbc.sql.jdbcapi.ConnectionSpy@5a94cc2f
2024-09-23 00:13:23 [DEBUG] com.zaxxer.hikari.pool.PoolBase - HikariPool-1 - Closing connection net.sf.log4jdbc.sql.jdbcapi.ConnectionSpy@775b1e0a: (connection has passed maxLifetime)
2024-09-23 00:13:23 [DEBUG] com.zaxxer.hikari.pool.HikariPool - HikariPool-1 - Added connection net.sf.log4jdbc.sql.jdbcapi.ConnectionSpy@59e9c0d6
2024-09-23 00:13:31 [DEBUG] com.zaxxer.hikari.pool.HikariPool - HikariPool-1 - Pool stats (total=10, active=0, idle=10, waiting=0)
2024-09-23 00:13:31 [DEBUG] com.zaxxer.hikari.pool.HikariPool - HikariPool-1 - Fill pool skipped, pool has sufficient level or currently being filled (queueDepth=0).
2024-09-23 00:14:01 [DEBUG] com.zaxxer.hikari.pool.HikariPool - HikariPool-1 - Pool stats (total=10, active=0, idle=10, waiting=0)
2024-09-23 00:14:01 [DEBUG] com.zaxxer.hikari.pool.HikariPool - HikariPool-1 - Fill pool skipped, pool has sufficient level or currently being filled (queueDepth=0).
2024-09-23 00:14:31 [DEBUG] com.zaxxer.hikari.pool.HikariPool - HikariPool-1 - Pool stats (total=10, active=0, idle=10, waiting=0)
2024-09-23 00:14:31 [DEBUG] com.zaxxer.hikari.pool.HikariPool - HikariPool-1 - Fill pool skipped, pool has sufficient level or currently being filled (queueDepth=0).
2024-09-23 00:15:01 [DEBUG] com.zaxxer.hikari.pool.HikariPool - HikariPool-1 - Pool stats (total=10, active=0, idle=10, waiting=0)
2024-09-23 00:15:01 [DEBUG] com.zaxxer.hikari.pool.HikariPool - HikariPool-1 - Fill pool skipped, pool has sufficient level or currently being filled (queueDepth=0).
2024-09-23 00:15:31 [DEBUG] com.zaxxer.hikari.pool.HikariPool - HikariPool-1 - Pool stats (total=10, active=0, idle=10, waiting=0)
2024-09-23 00:15:31 [DEBUG] com.zaxxer.hikari.pool.HikariPool - HikariPool-1 - Fill pool skipped, pool has sufficient level or currently being filled (queueDepth=0).
2024-09-23 00:16:01 [DEBUG] com.zaxxer.hikari.pool.HikariPool - HikariPool-1 - Pool stats (total=10, active=0, idle=10, waiting=0)
2024-09-23 00:16:01 [DEBUG] com.zaxxer.hikari.pool.HikariPool - HikariPool-1 - Fill pool skipped, pool has sufficient level or currently being filled (queueDepth=0).
2024-09-23 00:16:31 [DEBUG] com.zaxxer.hikari.pool.HikariPool - HikariPool-1 - Pool stats (total=10, active=0, idle=10, waiting=0)
2024-09-23 00:16:31 [DEBUG] com.zaxxer.hikari.pool.HikariPool - HikariPool-1 - Fill pool skipped, pool has sufficient level or currently being filled (queueDepth=0).
2024-09-23 00:17:01 [DEBUG] com.zaxxer.hikari.pool.HikariPool - HikariPool-1 - Pool stats (total=10, active=0, idle=10, waiting=0)
2024-09-23 00:17:01 [DEBUG] com.zaxxer.hikari.pool.HikariPool - HikariPool-1 - Fill pool skipped, pool has sufficient level or currently being filled (queueDepth=0).
2024-09-23 00:17:31 [DEBUG] com.zaxxer.hikari.pool.HikariPool - HikariPool-1 - Pool stats (total=10, active=0, idle=10, waiting=0)
2024-09-23 00:17:31 [DEBUG] com.zaxxer.hikari.pool.HikariPool - HikariPool-1 - Fill pool skipped, pool has sufficient level or currently being filled (queueDepth=0).
2024-09-23 00:18:01 [DEBUG] com.zaxxer.hikari.pool.HikariPool - HikariPool-1 - Pool stats (total=10, active=0, idle=10, waiting=0)
2024-09-23 00:18:01 [DEBUG] com.zaxxer.hikari.pool.HikariPool - HikariPool-1 - Fill pool skipped, pool has sufficient level or currently being filled (queueDepth=0).
2024-09-23 00:18:31 [DEBUG] com.zaxxer.hikari.pool.HikariPool - HikariPool-1 - Pool stats (total=10, active=0, idle=10, waiting=0)
2024-09-23 00:18:31 [DEBUG] com.zaxxer.hikari.pool.HikariPool - HikariPool-1 - Fill pool skipped, pool has sufficient level or currently being filled (queueDepth=0).
2024-09-23 00:19:01 [DEBUG] com.zaxxer.hikari.pool.HikariPool - HikariPool-1 - Pool stats (total=10, active=0, idle=10, waiting=0)
2024-09-23 00:19:01 [DEBUG] com.zaxxer.hikari.pool.HikariPool - HikariPool-1 - Fill pool skipped, pool has sufficient level or currently being filled (queueDepth=0).
2024-09-23 00:19:31 [DEBUG] com.zaxxer.hikari.pool.HikariPool - HikariPool-1 - Pool stats (total=10, active=0, idle=10, waiting=0)
2024-09-23 00:19:31 [DEBUG] com.zaxxer.hikari.pool.HikariPool - HikariPool-1 - Fill pool skipped, pool has sufficient level or currently being filled (queueDepth=0).
2024-09-23 00:20:01 [DEBUG] com.zaxxer.hikari.pool.HikariPool - HikariPool-1 - Pool stats (total=10, active=0, idle=10, waiting=0)
2024-09-23 00:20:01 [DEBUG] com.zaxxer.hikari.pool.HikariPool - HikariPool-1 - Fill pool skipped, pool has sufficient level or currently being filled (queueDepth=0).
2024-09-23 00:20:09 [DEBUG] org.mybatis.spring.SqlSessionUtils - Creating a new SqlSession
2024-09-23 00:20:09 [DEBUG] org.mybatis.spring.SqlSessionUtils - SqlSession [org.apache.ibatis.session.defaults.DefaultSqlSession@3aea1f24] was not registered for synchronization because synchronization is not active
2024-09-23 00:20:09 [DEBUG] o.s.jdbc.datasource.DataSourceUtils - Fetching JDBC Connection from DataSource
2024-09-23 00:20:09 [DEBUG] o.m.s.t.SpringManagedTransaction - JDBC Connection [HikariProxyConnection@1401096653 wrapping net.sf.log4jdbc.sql.jdbcapi.ConnectionSpy@46adbfa9] will not be managed by Spring
2024-09-23 00:20:09 [DEBUG] c.e.d.r.M.getMemberById - ==>  Preparing: SELECT * FROM `member` WHERE id = ?
2024-09-23 00:20:09 [DEBUG] c.e.d.r.M.getMemberById - ==> Parameters: 2(Integer)
2024-09-23 00:20:09 [DEBUG] jdbc.sqltiming -  com.zaxxer.hikari.pool.ProxyPreparedStatement.execute(ProxyPreparedStatement.java:44)
11. SELECT * FROM `member` WHERE id = 2
 {executed in 1 msec}
2024-09-23 00:20:09 [INFO ] jdbc.resultsettable - 
|---|--------------------|--------------------|--------|----------|----------|-----|---------|--------------|------------------|----------|--------|
|id |regdate             |updatedate          |loginid |loginpw   |authlevel |name |nickname |cellphonenum  |email             |delstatus |deldate |
|---|--------------------|--------------------|--------|----------|----------|-----|---------|--------------|------------------|----------|--------|
|2  |2023-01-01 12:00:00 |2023-01-01 12:00:00 |user123 |password1 |3         |김민준  |민준       |010-1234-5678 |user1@example.com |false     |null    |
|---|--------------------|--------------------|--------|----------|----------|-----|---------|--------------|------------------|----------|--------|

2024-09-23 00:20:09 [DEBUG] c.e.d.r.M.getMemberById - <==      Total: 1
2024-09-23 00:20:09 [DEBUG] org.mybatis.spring.SqlSessionUtils - Closing non transactional SqlSession [org.apache.ibatis.session.defaults.DefaultSqlSession@3aea1f24]
2024-09-23 00:20:31 [DEBUG] com.zaxxer.hikari.pool.HikariPool - HikariPool-1 - Pool stats (total=10, active=0, idle=10, waiting=0)
2024-09-23 00:20:31 [DEBUG] com.zaxxer.hikari.pool.HikariPool - HikariPool-1 - Fill pool skipped, pool has sufficient level or currently being filled (queueDepth=0).
2024-09-23 00:21:01 [DEBUG] com.zaxxer.hikari.pool.HikariPool - HikariPool-1 - Pool stats (total=10, active=0, idle=10, waiting=0)
2024-09-23 00:21:01 [DEBUG] com.zaxxer.hikari.pool.HikariPool - HikariPool-1 - Fill pool skipped, pool has sufficient level or currently being filled (queueDepth=0).
2024-09-23 00:21:18 [DEBUG] org.mybatis.spring.SqlSessionUtils - Creating a new SqlSession
2024-09-23 00:21:18 [DEBUG] org.mybatis.spring.SqlSessionUtils - SqlSession [org.apache.ibatis.session.defaults.DefaultSqlSession@4b90e96e] was not registered for synchronization because synchronization is not active
2024-09-23 00:21:18 [DEBUG] o.s.jdbc.datasource.DataSourceUtils - Fetching JDBC Connection from DataSource
2024-09-23 00:21:18 [DEBUG] o.m.s.t.SpringManagedTransaction - JDBC Connection [HikariProxyConnection@747760705 wrapping net.sf.log4jdbc.sql.jdbcapi.ConnectionSpy@46adbfa9] will not be managed by Spring
2024-09-23 00:21:18 [DEBUG] c.e.d.r.M.getMemberById - ==>  Preparing: SELECT * FROM `member` WHERE id = ?
2024-09-23 00:21:18 [DEBUG] c.e.d.r.M.getMemberById - ==> Parameters: 2(Integer)
2024-09-23 00:21:18 [DEBUG] jdbc.sqltiming -  com.zaxxer.hikari.pool.ProxyPreparedStatement.execute(ProxyPreparedStatement.java:44)
11. SELECT * FROM `member` WHERE id = 2
 {executed in 1 msec}
2024-09-23 00:21:18 [INFO ] jdbc.resultsettable - 
|---|--------------------|--------------------|--------|----------|----------|-----|---------|--------------|------------------|----------|--------|
|id |regdate             |updatedate          |loginid |loginpw   |authlevel |name |nickname |cellphonenum  |email             |delstatus |deldate |
|---|--------------------|--------------------|--------|----------|----------|-----|---------|--------------|------------------|----------|--------|
|2  |2023-01-01 12:00:00 |2023-01-01 12:00:00 |user123 |password1 |3         |김민준  |민준       |010-1234-5678 |user1@example.com |false     |null    |
|---|--------------------|--------------------|--------|----------|----------|-----|---------|--------------|------------------|----------|--------|

2024-09-23 00:21:18 [DEBUG] c.e.d.r.M.getMemberById - <==      Total: 1
2024-09-23 00:21:18 [DEBUG] org.mybatis.spring.SqlSessionUtils - Closing non transactional SqlSession [org.apache.ibatis.session.defaults.DefaultSqlSession@4b90e96e]
2024-09-23 00:21:31 [DEBUG] com.zaxxer.hikari.pool.HikariPool - HikariPool-1 - Pool stats (total=10, active=0, idle=10, waiting=0)
2024-09-23 00:21:31 [DEBUG] com.zaxxer.hikari.pool.HikariPool - HikariPool-1 - Fill pool skipped, pool has sufficient level or currently being filled (queueDepth=0).
2024-09-23 00:21:45 [DEBUG] org.mybatis.spring.SqlSessionUtils - Creating a new SqlSession
2024-09-23 00:21:45 [DEBUG] org.mybatis.spring.SqlSessionUtils - SqlSession [org.apache.ibatis.session.defaults.DefaultSqlSession@2d5cf573] was not registered for synchronization because synchronization is not active
2024-09-23 00:21:45 [DEBUG] o.s.jdbc.datasource.DataSourceUtils - Fetching JDBC Connection from DataSource
2024-09-23 00:21:45 [DEBUG] o.m.s.t.SpringManagedTransaction - JDBC Connection [HikariProxyConnection@685948437 wrapping net.sf.log4jdbc.sql.jdbcapi.ConnectionSpy@46adbfa9] will not be managed by Spring
2024-09-23 00:21:45 [DEBUG] c.e.d.r.M.getMemberById - ==>  Preparing: SELECT * FROM `member` WHERE id = ?
2024-09-23 00:21:45 [DEBUG] c.e.d.r.M.getMemberById - ==> Parameters: 2(Integer)
2024-09-23 00:21:45 [DEBUG] jdbc.sqltiming -  com.zaxxer.hikari.pool.ProxyPreparedStatement.execute(ProxyPreparedStatement.java:44)
11. SELECT * FROM `member` WHERE id = 2
 {executed in 0 msec}
2024-09-23 00:21:45 [INFO ] jdbc.resultsettable - 
|---|--------------------|--------------------|--------|----------|----------|-----|---------|--------------|------------------|----------|--------|
|id |regdate             |updatedate          |loginid |loginpw   |authlevel |name |nickname |cellphonenum  |email             |delstatus |deldate |
|---|--------------------|--------------------|--------|----------|----------|-----|---------|--------------|------------------|----------|--------|
|2  |2023-01-01 12:00:00 |2023-01-01 12:00:00 |user123 |password1 |3         |김민준  |민준       |010-1234-5678 |user1@example.com |false     |null    |
|---|--------------------|--------------------|--------|----------|----------|-----|---------|--------------|------------------|----------|--------|

2024-09-23 00:21:45 [DEBUG] c.e.d.r.M.getMemberById - <==      Total: 1
2024-09-23 00:21:45 [DEBUG] org.mybatis.spring.SqlSessionUtils - Closing non transactional SqlSession [org.apache.ibatis.session.defaults.DefaultSqlSession@2d5cf573]
2024-09-23 00:22:01 [DEBUG] com.zaxxer.hikari.pool.HikariPool - HikariPool-1 - Pool stats (total=10, active=0, idle=10, waiting=0)
2024-09-23 00:22:01 [DEBUG] com.zaxxer.hikari.pool.HikariPool - HikariPool-1 - Fill pool skipped, pool has sufficient level or currently being filled (queueDepth=0).
2024-09-23 00:22:28 [DEBUG] org.mybatis.spring.SqlSessionUtils - Creating a new SqlSession
2024-09-23 00:22:28 [DEBUG] org.mybatis.spring.SqlSessionUtils - SqlSession [org.apache.ibatis.session.defaults.DefaultSqlSession@35334e96] was not registered for synchronization because synchronization is not active
2024-09-23 00:22:28 [DEBUG] o.s.jdbc.datasource.DataSourceUtils - Fetching JDBC Connection from DataSource
2024-09-23 00:22:28 [DEBUG] o.m.s.t.SpringManagedTransaction - JDBC Connection [HikariProxyConnection@1731237711 wrapping net.sf.log4jdbc.sql.jdbcapi.ConnectionSpy@46adbfa9] will not be managed by Spring
2024-09-23 00:22:28 [DEBUG] c.e.d.r.M.getMemberById - ==>  Preparing: SELECT * FROM `member` WHERE id = ?
2024-09-23 00:22:28 [DEBUG] c.e.d.r.M.getMemberById - ==> Parameters: 2(Integer)
2024-09-23 00:22:28 [DEBUG] jdbc.sqltiming -  com.zaxxer.hikari.pool.ProxyPreparedStatement.execute(ProxyPreparedStatement.java:44)
11. SELECT * FROM `member` WHERE id = 2
 {executed in 1 msec}
2024-09-23 00:22:28 [INFO ] jdbc.resultsettable - 
|---|--------------------|--------------------|--------|----------|----------|-----|---------|--------------|------------------|----------|--------|
|id |regdate             |updatedate          |loginid |loginpw   |authlevel |name |nickname |cellphonenum  |email             |delstatus |deldate |
|---|--------------------|--------------------|--------|----------|----------|-----|---------|--------------|------------------|----------|--------|
|2  |2023-01-01 12:00:00 |2023-01-01 12:00:00 |user123 |password1 |3         |김민준  |민준       |010-1234-5678 |user1@example.com |false     |null    |
|---|--------------------|--------------------|--------|----------|----------|-----|---------|--------------|------------------|----------|--------|

2024-09-23 00:22:28 [DEBUG] c.e.d.r.M.getMemberById - <==      Total: 1
2024-09-23 00:22:28 [DEBUG] org.mybatis.spring.SqlSessionUtils - Closing non transactional SqlSession [org.apache.ibatis.session.defaults.DefaultSqlSession@35334e96]
2024-09-23 00:22:31 [DEBUG] com.zaxxer.hikari.pool.HikariPool - HikariPool-1 - Pool stats (total=10, active=0, idle=10, waiting=0)
2024-09-23 00:22:31 [DEBUG] com.zaxxer.hikari.pool.HikariPool - HikariPool-1 - Fill pool skipped, pool has sufficient level or currently being filled (queueDepth=0).
2024-09-23 00:23:01 [DEBUG] com.zaxxer.hikari.pool.HikariPool - HikariPool-1 - Pool stats (total=10, active=0, idle=10, waiting=0)
2024-09-23 00:23:01 [DEBUG] com.zaxxer.hikari.pool.HikariPool - HikariPool-1 - Fill pool skipped, pool has sufficient level or currently being filled (queueDepth=0).
2024-09-23 00:23:31 [DEBUG] com.zaxxer.hikari.pool.HikariPool - HikariPool-1 - Pool stats (total=10, active=0, idle=10, waiting=0)
2024-09-23 00:23:31 [DEBUG] com.zaxxer.hikari.pool.HikariPool - HikariPool-1 - Fill pool skipped, pool has sufficient level or currently being filled (queueDepth=0).
2024-09-23 00:24:01 [DEBUG] com.zaxxer.hikari.pool.HikariPool - HikariPool-1 - Pool stats (total=10, active=0, idle=10, waiting=0)
2024-09-23 00:24:01 [DEBUG] com.zaxxer.hikari.pool.HikariPool - HikariPool-1 - Fill pool skipped, pool has sufficient level or currently being filled (queueDepth=0).
2024-09-23 00:24:31 [DEBUG] com.zaxxer.hikari.pool.HikariPool - HikariPool-1 - Pool stats (total=10, active=0, idle=10, waiting=0)
2024-09-23 00:24:31 [DEBUG] com.zaxxer.hikari.pool.HikariPool - HikariPool-1 - Fill pool skipped, pool has sufficient level or currently being filled (queueDepth=0).
2024-09-23 00:25:01 [DEBUG] com.zaxxer.hikari.pool.HikariPool - HikariPool-1 - Pool stats (total=10, active=0, idle=10, waiting=0)
2024-09-23 00:25:01 [DEBUG] com.zaxxer.hikari.pool.HikariPool - HikariPool-1 - Fill pool skipped, pool has sufficient level or currently being filled (queueDepth=0).
2024-09-23 00:25:31 [DEBUG] com.zaxxer.hikari.pool.HikariPool - HikariPool-1 - Pool stats (total=10, active=0, idle=10, waiting=0)
2024-09-23 00:25:31 [DEBUG] com.zaxxer.hikari.pool.HikariPool - HikariPool-1 - Fill pool skipped, pool has sufficient level or currently being filled (queueDepth=0).
2024-09-23 00:26:01 [DEBUG] com.zaxxer.hikari.pool.HikariPool - HikariPool-1 - Pool stats (total=10, active=0, idle=10, waiting=0)
2024-09-23 00:26:01 [DEBUG] com.zaxxer.hikari.pool.HikariPool - HikariPool-1 - Fill pool skipped, pool has sufficient level or currently being filled (queueDepth=0).
2024-09-23 00:26:31 [DEBUG] com.zaxxer.hikari.pool.HikariPool - HikariPool-1 - Pool stats (total=10, active=0, idle=10, waiting=0)
2024-09-23 00:26:31 [DEBUG] com.zaxxer.hikari.pool.HikariPool - HikariPool-1 - Fill pool skipped, pool has sufficient level or currently being filled (queueDepth=0).
2024-09-23 00:27:01 [DEBUG] com.zaxxer.hikari.pool.HikariPool - HikariPool-1 - Pool stats (total=10, active=0, idle=10, waiting=0)
2024-09-23 00:27:01 [DEBUG] com.zaxxer.hikari.pool.HikariPool - HikariPool-1 - Fill pool skipped, pool has sufficient level or currently being filled (queueDepth=0).
2024-09-23 00:27:31 [DEBUG] com.zaxxer.hikari.pool.HikariPool - HikariPool-1 - Pool stats (total=10, active=0, idle=10, waiting=0)
2024-09-23 00:27:31 [DEBUG] com.zaxxer.hikari.pool.HikariPool - HikariPool-1 - Fill pool skipped, pool has sufficient level or currently being filled (queueDepth=0).
2024-09-23 00:28:01 [DEBUG] com.zaxxer.hikari.pool.HikariPool - HikariPool-1 - Pool stats (total=10, active=0, idle=10, waiting=0)
2024-09-23 00:28:01 [DEBUG] com.zaxxer.hikari.pool.HikariPool - HikariPool-1 - Fill pool skipped, pool has sufficient level or currently being filled (queueDepth=0).
2024-09-23 00:28:31 [DEBUG] com.zaxxer.hikari.pool.HikariPool - HikariPool-1 - Pool stats (total=10, active=0, idle=10, waiting=0)
2024-09-23 00:28:31 [DEBUG] com.zaxxer.hikari.pool.HikariPool - HikariPool-1 - Fill pool skipped, pool has sufficient level or currently being filled (queueDepth=0).
2024-09-23 00:29:01 [DEBUG] com.zaxxer.hikari.pool.HikariPool - HikariPool-1 - Pool stats (total=10, active=0, idle=10, waiting=0)
2024-09-23 00:29:01 [DEBUG] com.zaxxer.hikari.pool.HikariPool - HikariPool-1 - Fill pool skipped, pool has sufficient level or currently being filled (queueDepth=0).
2024-09-23 00:29:31 [DEBUG] com.zaxxer.hikari.pool.HikariPool - HikariPool-1 - Pool stats (total=10, active=0, idle=10, waiting=0)
2024-09-23 00:29:31 [DEBUG] com.zaxxer.hikari.pool.HikariPool - HikariPool-1 - Fill pool skipped, pool has sufficient level or currently being filled (queueDepth=0).
2024-09-23 00:30:01 [DEBUG] com.zaxxer.hikari.pool.HikariPool - HikariPool-1 - Pool stats (total=10, active=0, idle=10, waiting=0)
2024-09-23 00:30:01 [DEBUG] com.zaxxer.hikari.pool.HikariPool - HikariPool-1 - Fill pool skipped, pool has sufficient level or currently being filled (queueDepth=0).
2024-09-23 00:30:31 [DEBUG] com.zaxxer.hikari.pool.HikariPool - HikariPool-1 - Pool stats (total=10, active=0, idle=10, waiting=0)
2024-09-23 00:30:31 [DEBUG] com.zaxxer.hikari.pool.HikariPool - HikariPool-1 - Fill pool skipped, pool has sufficient level or currently being filled (queueDepth=0).
2024-09-23 00:31:01 [DEBUG] com.zaxxer.hikari.pool.HikariPool - HikariPool-1 - Pool stats (total=10, active=0, idle=10, waiting=0)
2024-09-23 00:31:01 [DEBUG] com.zaxxer.hikari.pool.HikariPool - HikariPool-1 - Fill pool skipped, pool has sufficient level or currently being filled (queueDepth=0).
2024-09-23 00:31:31 [DEBUG] com.zaxxer.hikari.pool.HikariPool - HikariPool-1 - Pool stats (total=10, active=0, idle=10, waiting=0)
2024-09-23 00:31:31 [DEBUG] com.zaxxer.hikari.pool.HikariPool - HikariPool-1 - Fill pool skipped, pool has sufficient level or currently being filled (queueDepth=0).
2024-09-23 00:32:01 [DEBUG] com.zaxxer.hikari.pool.HikariPool - HikariPool-1 - Pool stats (total=10, active=0, idle=10, waiting=0)
2024-09-23 00:32:01 [DEBUG] com.zaxxer.hikari.pool.HikariPool - HikariPool-1 - Fill pool skipped, pool has sufficient level or currently being filled (queueDepth=0).
2024-09-23 00:32:31 [DEBUG] com.zaxxer.hikari.pool.HikariPool - HikariPool-1 - Pool stats (total=10, active=0, idle=10, waiting=0)
2024-09-23 00:32:31 [DEBUG] com.zaxxer.hikari.pool.HikariPool - HikariPool-1 - Fill pool skipped, pool has sufficient level or currently being filled (queueDepth=0).
2024-09-23 00:33:01 [DEBUG] com.zaxxer.hikari.pool.HikariPool - HikariPool-1 - Pool stats (total=10, active=0, idle=10, waiting=0)
2024-09-23 00:33:01 [DEBUG] com.zaxxer.hikari.pool.HikariPool - HikariPool-1 - Fill pool skipped, pool has sufficient level or currently being filled (queueDepth=0).
2024-09-23 00:33:31 [DEBUG] com.zaxxer.hikari.pool.HikariPool - HikariPool-1 - Pool stats (total=10, active=0, idle=10, waiting=0)
2024-09-23 00:33:31 [DEBUG] com.zaxxer.hikari.pool.HikariPool - HikariPool-1 - Fill pool skipped, pool has sufficient level or currently being filled (queueDepth=0).
2024-09-23 00:34:01 [DEBUG] com.zaxxer.hikari.pool.HikariPool - HikariPool-1 - Pool stats (total=10, active=0, idle=10, waiting=0)
2024-09-23 00:34:01 [DEBUG] com.zaxxer.hikari.pool.HikariPool - HikariPool-1 - Fill pool skipped, pool has sufficient level or currently being filled (queueDepth=0).
2024-09-23 00:34:31 [DEBUG] com.zaxxer.hikari.pool.HikariPool - HikariPool-1 - Pool stats (total=10, active=0, idle=10, waiting=0)
2024-09-23 00:34:31 [DEBUG] com.zaxxer.hikari.pool.HikariPool - HikariPool-1 - Fill pool skipped, pool has sufficient level or currently being filled (queueDepth=0).
2024-09-23 00:35:01 [DEBUG] com.zaxxer.hikari.pool.HikariPool - HikariPool-1 - Pool stats (total=10, active=0, idle=10, waiting=0)
2024-09-23 00:35:01 [DEBUG] com.zaxxer.hikari.pool.HikariPool - HikariPool-1 - Fill pool skipped, pool has sufficient level or currently being filled (queueDepth=0).
2024-09-23 00:35:31 [DEBUG] com.zaxxer.hikari.pool.HikariPool - HikariPool-1 - Pool stats (total=10, active=0, idle=10, waiting=0)
2024-09-23 00:35:31 [DEBUG] com.zaxxer.hikari.pool.HikariPool - HikariPool-1 - Fill pool skipped, pool has sufficient level or currently being filled (queueDepth=0).
2024-09-23 00:36:01 [DEBUG] com.zaxxer.hikari.pool.HikariPool - HikariPool-1 - Pool stats (total=10, active=0, idle=10, waiting=0)
2024-09-23 00:36:01 [DEBUG] com.zaxxer.hikari.pool.HikariPool - HikariPool-1 - Fill pool skipped, pool has sufficient level or currently being filled (queueDepth=0).
2024-09-23 00:36:31 [DEBUG] com.zaxxer.hikari.pool.HikariPool - HikariPool-1 - Pool stats (total=10, active=0, idle=10, waiting=0)
2024-09-23 00:36:31 [DEBUG] com.zaxxer.hikari.pool.HikariPool - HikariPool-1 - Fill pool skipped, pool has sufficient level or currently being filled (queueDepth=0).
2024-09-23 00:37:01 [DEBUG] com.zaxxer.hikari.pool.HikariPool - HikariPool-1 - Pool stats (total=10, active=0, idle=10, waiting=0)
2024-09-23 00:37:01 [DEBUG] com.zaxxer.hikari.pool.HikariPool - HikariPool-1 - Fill pool skipped, pool has sufficient level or currently being filled (queueDepth=0).
2024-09-23 00:37:31 [DEBUG] com.zaxxer.hikari.pool.HikariPool - HikariPool-1 - Pool stats (total=10, active=0, idle=10, waiting=0)
2024-09-23 00:37:31 [DEBUG] com.zaxxer.hikari.pool.HikariPool - HikariPool-1 - Fill pool skipped, pool has sufficient level or currently being filled (queueDepth=0).
2024-09-23 00:38:01 [DEBUG] com.zaxxer.hikari.pool.HikariPool - HikariPool-1 - Pool stats (total=10, active=0, idle=10, waiting=0)
2024-09-23 00:38:01 [DEBUG] com.zaxxer.hikari.pool.HikariPool - HikariPool-1 - Fill pool skipped, pool has sufficient level or currently being filled (queueDepth=0).
2024-09-23 00:38:31 [DEBUG] com.zaxxer.hikari.pool.HikariPool - HikariPool-1 - Pool stats (total=10, active=0, idle=10, waiting=0)
2024-09-23 00:38:31 [DEBUG] com.zaxxer.hikari.pool.HikariPool - HikariPool-1 - Fill pool skipped, pool has sufficient level or currently being filled (queueDepth=0).
2024-09-23 00:39:01 [DEBUG] com.zaxxer.hikari.pool.HikariPool - HikariPool-1 - Pool stats (total=10, active=0, idle=10, waiting=0)
2024-09-23 00:39:01 [DEBUG] com.zaxxer.hikari.pool.HikariPool - HikariPool-1 - Fill pool skipped, pool has sufficient level or currently being filled (queueDepth=0).
2024-09-23 00:39:29 [DEBUG] org.mybatis.spring.SqlSessionUtils - Creating a new SqlSession
2024-09-23 00:39:29 [DEBUG] org.mybatis.spring.SqlSessionUtils - SqlSession [org.apache.ibatis.session.defaults.DefaultSqlSession@7a8eb278] was not registered for synchronization because synchronization is not active
2024-09-23 00:39:29 [DEBUG] o.s.jdbc.datasource.DataSourceUtils - Fetching JDBC Connection from DataSource
2024-09-23 00:39:29 [DEBUG] o.m.s.t.SpringManagedTransaction - JDBC Connection [HikariProxyConnection@1678476736 wrapping net.sf.log4jdbc.sql.jdbcapi.ConnectionSpy@46adbfa9] will not be managed by Spring
2024-09-23 00:39:29 [DEBUG] c.e.d.r.M.getMemberById - ==>  Preparing: SELECT * FROM `member` WHERE id = ?
2024-09-23 00:39:29 [DEBUG] c.e.d.r.M.getMemberById - ==> Parameters: 2(Integer)
2024-09-23 00:39:29 [DEBUG] jdbc.sqltiming -  com.zaxxer.hikari.pool.ProxyPreparedStatement.execute(ProxyPreparedStatement.java:44)
11. SELECT * FROM `member` WHERE id = 2
 {executed in 1 msec}
2024-09-23 00:39:29 [INFO ] jdbc.resultsettable - 
|---|--------------------|--------------------|--------|----------|----------|-----|---------|--------------|------------------|----------|--------|
|id |regdate             |updatedate          |loginid |loginpw   |authlevel |name |nickname |cellphonenum  |email             |delstatus |deldate |
|---|--------------------|--------------------|--------|----------|----------|-----|---------|--------------|------------------|----------|--------|
|2  |2023-01-01 12:00:00 |2023-01-01 12:00:00 |user123 |password1 |3         |김민준  |민준       |010-1234-5678 |user1@example.com |false     |null    |
|---|--------------------|--------------------|--------|----------|----------|-----|---------|--------------|------------------|----------|--------|

2024-09-23 00:39:29 [DEBUG] c.e.d.r.M.getMemberById - <==      Total: 1
2024-09-23 00:39:29 [DEBUG] org.mybatis.spring.SqlSessionUtils - Closing non transactional SqlSession [org.apache.ibatis.session.defaults.DefaultSqlSession@7a8eb278]
2024-09-23 00:39:31 [DEBUG] com.zaxxer.hikari.pool.HikariPool - HikariPool-1 - Pool stats (total=10, active=0, idle=10, waiting=0)
2024-09-23 00:39:31 [DEBUG] com.zaxxer.hikari.pool.HikariPool - HikariPool-1 - Fill pool skipped, pool has sufficient level or currently being filled (queueDepth=0).
2024-09-23 00:40:01 [DEBUG] com.zaxxer.hikari.pool.HikariPool - HikariPool-1 - Pool stats (total=10, active=0, idle=10, waiting=0)
2024-09-23 00:40:01 [DEBUG] com.zaxxer.hikari.pool.HikariPool - HikariPool-1 - Fill pool skipped, pool has sufficient level or currently being filled (queueDepth=0).
2024-09-23 00:40:32 [DEBUG] com.zaxxer.hikari.pool.HikariPool - HikariPool-1 - Pool stats (total=10, active=0, idle=10, waiting=0)
2024-09-23 00:40:32 [DEBUG] com.zaxxer.hikari.pool.HikariPool - HikariPool-1 - Fill pool skipped, pool has sufficient level or currently being filled (queueDepth=0).
2024-09-23 00:41:02 [DEBUG] com.zaxxer.hikari.pool.HikariPool - HikariPool-1 - Pool stats (total=10, active=0, idle=10, waiting=0)
2024-09-23 00:41:02 [DEBUG] com.zaxxer.hikari.pool.HikariPool - HikariPool-1 - Fill pool skipped, pool has sufficient level or currently being filled (queueDepth=0).
